1170.23G/1214.20G:202205151T0217705:L:Routing Key:transactions-mc

1213.17G/1214.20G:202205151T021786:L: [x] Sent '{"terminalId":"99389849839490390493090390403","amount":"0.00434000","currency":"PHL","recipient":"F9ddp3zXbNd5zwxBngvRBe4zQgmoViNuma","clientId":"NONE-NO-MAC","otp":"0099389849839490390493090390403","transactionId":"MC1653977857519"}'

1140.19G/1213.73G:202205151T022970:L:Routing Key:transactions-mc

1190.25G/1213.73G:202205151T0229174:L: [x] Sent '{"terminalId":"99389849839490390493090390403","amount":"0.01291000","currency":"PHL","recipient":"F9ddp3zXbNd5zwxBngvRBe4zQgmoViNuma","clientId":"NONE-NO-MAC","otp":"0099389849839490390493090390403","transactionId":"MC1653978561968"}'

1140.50G/1214.15G:202205151T0236271:L:Routing Key:transactions-mc

1119.03G/1214.15G:202205151T0236272:L: [x] Sent '{"terminalId":"99389849839490390493090390403","amount":"0.00272000","currency":"PHL","recipient":"F9ddp3zXbNd5zwxBngvRBe4zQgmoViNuma","clientId":"NONE-NO-MAC","otp":"0099389849839490390493090390403","transactionId":"MC1653979001191"}'

183.21G/202.22G:202205151T0314180:L:Routing Key:transactions-mc

183.21G/202.22G:202205151T0314182:L: [x] Sent '{"terminalId":"99389849839490390493090390403","amount":"0.00000001","currency":"PHL","recipient":"F9ddp3zXbNd5zwxBngvRBe4zQgmoViNuma","clientId":"NONE-NO-MAC","otp":"0099389849839490390493090390403","transactionId":"MC1653981265117"}'

183.21G/202.22G:202205151T0314215:L: [x] Sent Successfully

1169.38G/1214.04G:202205151T0328561:L:Routing Key:transactions-mc

1165.09G/1214.04G:202205151T032825:L: [x] Sent '{"terminalId":"99389849839490390493090390403","amount":"0.01009000","currency":"PHL","recipient":"F9ddp3zXbNd5zwxBngvRBe4zQgmoViNuma","clientId":"NONE-NO-MAC","otp":"0099389849839490390493090390403","transactionId":"MC1653982122260"}'

1158.66G/1214.04G:202205151T0328498:L: [x] Sent Successfully

1169.72G/1214.15G:202205151T0353558:L:Routing Key:transactions-mc

1169.72G/1214.15G:202205151T0353821:L: [x] Sent '{"terminalId":"99389849839490390493090390403","amount":"0.01084000","currency":"PHL","recipient":"F9ddp3zXbNd5zwxBngvRBe4zQgmoViNuma","clientId":"NONE-NO-MAC","otp":"0099389849839490390493090390403","transactionId":"MC1653983625559"}'

1162.56G/1214.15G:202205151T0353188:L: [x] Sent Successfully

1168.75G/1214.20G:202205151T0422572:L:Routing Key:transactions-mc

1168.75G/1214.20G:202205151T042286:L: [x] Sent '{"terminalId":"99389849839490390493090390403","amount":"0.01013000","currency":"PHL","recipient":"F9ddp3zXbNd5zwxBngvRBe4zQgmoViNuma","clientId":"NONE-NO-MAC","otp":"0099389849839490390493090390403","transactionId":"MC1653985356560"}'

1211.62G/1214.15G:202205151T0422687:L: [x] Sent Successfully

183.21G/202.22G:202205151T1815924:L:Routing Key:transactions-mc

183.21G/202.22G:202205151T1815925:L: [x] Sent '{"terminalId":"99389849839490390493090390403","amount":"1.00000001","currency":"PHL","recipient":"F9ddp3zXbNd5zwxBngvRBe4zQgmoViNuma","clientId":"NONE-NO-MAC","otp":"0099389849839490390493090390403","transactionId":"MC1654035326859"}'

182.15G/202.22G:202205151T1815963:L: [x] Sent Successfully

183.21G/202.22G:202205151T1816101:L:Routing Key:transactions-mc

183.21G/202.22G:202205151T1816104:L: [x] Sent '{"terminalId":"99389849839490390493090390403","amount":"1.00000001","currency":"PHL","recipient":"F9ddp3zXbNd5zwxBngvRBe4zQgmoViNuma","clientId":"NONE-NO-MAC","otp":"0099389849839490390493090390403","transactionId":"MC1654035367040"}'

183.21G/202.22G:202205151T1816137:L: [x] Sent Successfully

183.21G/202.22G:202205151T1817697:L:Routing Key:transactions-mc

183.21G/202.22G:202205151T1817699:L: [x] Sent '{"terminalId":"99389849839490390493090390403","amount":"1.00000001","currency":"PHL","recipient":"F9ddp3zXbNd5zwxBngvRBe4zQgmoViNuma","clientId":"NONE-NO-MAC","otp":"0099389849839490390493090390403","transactionId":"MC1654035439633"}'

182.15G/202.22G:202205151T1817737:L: [x] Sent Successfully

183.21G/202.22G:202205151T181881:L:Routing Key:transactions-mc

183.21G/202.22G:202205151T181883:L: [x] Sent '{"terminalId":"99389849839490390493090390403","amount":"1.00000001","currency":"PHL","recipient":"F9ddp3zXbNd5zwxBngvRBe4zQgmoViNuma","clientId":"NONE-NO-MAC","otp":"0099389849839490390493090390403","transactionId":"MC1654035504014"}'

182.15G/202.22G:202205151T1818119:L: [x] Sent Successfully

183.21G/202.22G:202205151T1820348:L:Routing Key:transactions-mc

183.21G/202.22G:202205151T1820350:L: [x] Sent '{"terminalId":"99389849839490390493090390403","amount":"1.00000001","currency":"PHL","recipient":"F9ddp3zXbNd5zwxBngvRBe4zQgmoViNuma","clientId":"NONE-NO-MAC","otp":"0099389849839490390493090390403","transactionId":"MC1654035616289"}'

182.15G/202.22G:202205151T1820383:L: [x] Sent Successfully

183.21G/202.22G:202205151T1821977:L:Routing Key:transactions-mc

183.21G/202.22G:202205151T1821978:L: [x] Sent '{"terminalId":"99389849839490390493090390403","amount":"1.00000001","currency":"PHL","recipient":"F9ddp3zXbNd5zwxBngvRBe4zQgmoViNuma","clientId":"NONE-NO-MAC","otp":"0099389849839490390493090390403","transactionId":"MC1654035703910"}'

182.15G/202.22G:202205151T182113:L: [x] Sent Successfully

183.21G/202.22G:202205151T1823996:L:Routing Key:transactions-mc

183.21G/202.22G:202205151T1823998:L: [x] Sent '{"terminalId":"99389849839490390493090390403","amount":"1.00000001","currency":"PHL","recipient":"F9ddp3zXbNd5zwxBngvRBe4zQgmoViNuma","clientId":"NONE-NO-MAC","otp":"0099389849839490390493090390403","transactionId":"MC1654035785930"}'

182.15G/202.22G:202205151T182336:L: [x] Sent Successfully

183.21G/202.22G:202205151T1823340:L:Routing Key:transactions-mc

183.21G/202.22G:202205151T1823342:L: [x] Sent '{"terminalId":"99389849839490390493090390403","amount":"1.00000001","currency":"PHL","recipient":"F9ddp3zXbNd5zwxBngvRBe4zQgmoViNuma","clientId":"NONE-NO-MAC","otp":"0099389849839490390493090390403","transactionId":"MC1654035835279"}'

183.21G/202.22G:202205151T1823379:L: [x] Sent Successfully

183.21G/202.22G:202205151T1824502:L:Routing Key:transactions-mc

183.21G/202.22G:202205151T1824504:L: [x] Sent '{"terminalId":"99389849839490390493090390403","amount":"1.00000001","currency":"PHL","recipient":"F9ddp3zXbNd5zwxBngvRBe4zQgmoViNuma","clientId":"NONE-NO-MAC","otp":"0099389849839490390493090390403","transactionId":"MC1654035858435"}'

182.15G/202.22G:202205151T1824545:L: [x] Sent Successfully

183.21G/202.22G:202205151T1922821:L:Routing Key:transactions-mc

183.21G/202.22G:202205151T1922823:L: [x] Sent '{"terminalId":"99389849839490390493090390403","amount":"1.00000001","currency":"PHL","recipient":"F9ddp3zXbNd5zwxBngvRBe4zQgmoViNuma","clientId":"NONE-NO-MAC","otp":"0099389849839490390493090390403","transactionId":"MC1654039355757"}'

183.21G/202.22G:202205151T1922860:L: [x] Sent Successfully

183.21G/202.22G:202205151T192409:L:Routing Key:transactions-mc

183.21G/202.22G:202205151T192410:L: [x] Sent '{"terminalId":"99389849839490390493090390403","amount":"1.00000001","currency":"PHL","recipient":"F9ddp3zXbNd5zwxBngvRBe4zQgmoViNuma","clientId":"NONE-NO-MAC","otp":"0099389849839490390493090390403","transactionId":"MC1654039454942"}'

182.15G/202.22G:202205151T192448:L: [x] Sent Successfully

183.21G/202.22G:202205151T1932459:L:Routing Key:transactions-mc

183.21G/202.22G:202205151T1932461:L: [x] Sent '{"terminalId":"99389849839490390493090390403","amount":"1.00000001","currency":"PHL","recipient":"F9ddp3zXbNd5zwxBngvRBe4zQgmoViNuma","clientId":"NONE-NO-MAC","otp":"0099389849839490390493090390403","transactionId":"MC1654039964363"}'

183.21G/202.22G:202205151T1932501:L: [x] Sent Successfully

183.21G/202.22G:202205151T1936104:L:Routing Key:transactions-mc

183.21G/202.22G:202205151T1936106:L: [x] Sent '{"terminalId":"99389849839490390493090390403","amount":"1.00000001","currency":"PHL","recipient":"F9ddp3zXbNd5zwxBngvRBe4zQgmoViNuma","clientId":"NONE-NO-MAC","otp":"0099389849839490390493090390403","transactionId":"MC1654040165030"}'

182.15G/202.22G:202205151T1936139:L: [x] Sent Successfully

183.21G/202.22G:202205151T1938984:L:Routing Key:transactions-mc

183.21G/202.22G:202205151T1938987:L: [x] Sent '{"terminalId":"99389849839490390493090390403","amount":"1.00000001","currency":"PHL","recipient":"F9ddp3zXbNd5zwxBngvRBe4zQgmoViNuma","clientId":"NONE-NO-MAC","otp":"0099389849839490390493090390403","transactionId":"MC1654040286917"}'

182.15G/202.22G:202205151T193819:L: [x] Sent Successfully

183.21G/202.22G:202205151T1939625:L:Routing Key:transactions-mc

183.21G/202.22G:202205151T1939626:L: [x] Sent '{"terminalId":"99389849839490390493090390403","amount":"1.00000001","currency":"PHL","recipient":"F9ddp3zXbNd5zwxBngvRBe4zQgmoViNuma","clientId":"NONE-NO-MAC","otp":"0099389849839490390493090390403","transactionId":"MC1654040392552"}'

183.21G/202.22G:202205151T1939661:L: [x] Sent Successfully

1185.01G/1214.15G:202205151T2020612:L:Routing Key:transactions-mc

1174.31G/1214.15G:202205151T202035:L: [x] Sent '{"terminalId":"99389849839490390493090390403","amount":"0.03957000","currency":"PHL","recipient":"F9ddp3zXbNd5zwxBngvRBe4zQgmoViNuma","clientId":"NONE-NO-MAC","otp":"0099389849839490390493090390403","transactionId":"MC1654042805974"}'

1174.31G/1214.15G:202205151T2020954:L: [x] Sent Successfully

1169.92G/1213.73G:202205151T2301234:L:Routing Key:transactions-mc

1169.92G/1213.73G:202205151T2301234:L: [x] Sent '{"terminalId":"99389849839490390493090390403","amount":"0.08838000","currency":"PHL","recipient":"F9ddp3zXbNd5zwxBngvRBe4zQgmoViNuma","clientId":"NONE-NO-MAC","otp":"0099389849839490390493090390403","transactionId":"MC1654052469734"}'

1166.30G/1213.73G:202205151T2301669:L: [x] Sent Successfully

511.98G/562.82G:202206154T2333805:L:Routing Key:transactions-mc

511.98G/562.82G:202206154T2333808:L: [x] Sent '{"terminalId":"99389849839490390493090390403","amount":"0.00308000","currency":"PHL","recipient":"F9ddp3zXbNd5zwxBngvRBe4zQgmoViNuma","clientId":"NONE-NO-MAC","otp":"0099389849839490390493090390403","transactionId":"MC1654313582770"}'

511.98G/562.82G:202206154T2333843:L: [x] Sent Successfully

329.63G/352.85G:202206154T2337840:L:Routing Key:transactions-mc

329.63G/352.85G:202206154T2337842:L: [x] Sent '{"terminalId":"99389849839490390493090390403","amount":"0.00341000","currency":"PHL","recipient":"F9ddp3zXbNd5zwxBngvRBe4zQgmoViNuma","clientId":"NONE-NO-MAC","otp":"0099389849839490390493090390403","transactionId":"MC1654313864802"}'

327.51G/352.85G:202206154T2337873:L: [x] Sent Successfully

324.66G/352.06G:202206155T0001677:L:Routing Key:transactions-mc

324.66G/352.06G:202206155T0001679:L: [x] Sent '{"terminalId":"99389849839490390493090390403","amount":"0.00217000","currency":"PHL","recipient":"F9ddp3zXbNd5zwxBngvRBe4zQgmoViNuma","clientId":"NONE-NO-MAC","otp":"0099389849839490390493090390403","transactionId":"MC1654315295639"}'

324.66G/352.06G:202206155T0001712:L: [x] Sent Successfully

334.77G/352.01G:202206155T0007989:L:Routing Key:transactions-mc

334.77G/352.01G:202206155T0007992:L: [x] Sent '{"terminalId":"99389849839490390493090390403","amount":"0.01933000","currency":"PHL","recipient":"F9ddp3zXbNd5zwxBngvRBe4zQgmoViNuma","clientId":"NONE-NO-MAC","otp":"0099389849839490390493090390403","transactionId":"MC1654315633953"}'

332.66G/352.01G:202206155T000730:L: [x] Sent Successfully

183.21G/202.22G:202206155T0421258:L:Routing Key:transactions-mc

183.21G/202.22G:202206155T0421259:L: [x] Sent '{"terminalId":"99389849839490390493090390403","amount":"1.00000001","currency":"PHL","recipient":"F9ddp3zXbNd5zwxBngvRBe4zQgmoViNuma","clientId":"NONE-NO-MAC","otp":"0099389849839490390493090390403","transactionId":"MC1654330905197"}'

182.15G/202.22G:202206155T0421296:L: [x] Sent Successfully

182.15G/202.22G:202206155T0421306:L:ERROR: publish failed:Given file '/genomes' doesn't exist!

183.21G/202.22G:202206155T0422201:L:Routing Key:transactions-mc

183.21G/202.22G:202206155T0422202:L: [x] Sent '{"terminalId":"99389849839490390493090390403","amount":"1.00000001","currency":"PHL","recipient":"F9ddp3zXbNd5zwxBngvRBe4zQgmoViNuma","clientId":"NONE-NO-MAC","otp":"0099389849839490390493090390403","transactionId":"MC1654330933138"}'

182.15G/202.22G:202206155T0422234:L: [x] Sent Successfully

177.93G/202.22G:202206155T0422632:L:ERROR: publish failed:null

183.21G/202.22G:202206155T0424510:L:Routing Key:transactions-mc

183.21G/202.22G:202206155T0424512:L: [x] Sent '{"terminalId":"99389849839490390493090390403","amount":"1.00000001","currency":"PHL","recipient":"F9ddp3zXbNd5zwxBngvRBe4zQgmoViNuma","clientId":"NONE-NO-MAC","otp":"0099389849839490390493090390403","transactionId":"MC1654331052447"}'

182.15G/202.22G:202206155T0424549:L: [x] Sent Successfully

183.21G/202.22G:202206155T0426480:L:Routing Key:transactions-mc

183.21G/202.22G:202206155T0426482:L: [x] Sent '{"terminalId":"99389849839490390493090390403","amount":"1.00000001","currency":"PHL","recipient":"F9ddp3zXbNd5zwxBngvRBe4zQgmoViNuma","clientId":"NONE-NO-MAC","otp":"0099389849839490390493090390403","transactionId":"MC1654331163415"}'

182.15G/202.22G:202206155T0426517:L: [x] Sent Successfully

183.21G/202.22G:202206155T0439567:L:Routing Key:transactions-mc

183.21G/202.22G:202206155T0439569:L: [x] Sent '{"terminalId":"99389849839490390493090390403","amount":"1.00000001","currency":"PHL","recipient":"F9ddp3zXbNd5zwxBngvRBe4zQgmoViNuma","clientId":"NONE-NO-MAC","otp":"0099389849839490390493090390403","transactionId":"MC1654331992502"}'

183.21G/202.22G:202206155T0439602:L: [x] Sent Successfully

522.16G/563.09G:202206155T0536253:L:Routing Key:transactions-mc

522.16G/563.09G:202206155T0536254:L: [x] Sent '{"terminalId":"99389849839490390493090390403","amount":"0.00440000","currency":"PHL","recipient":"F9ddp3zXbNd5zwxBngvRBe4zQgmoViNuma","clientId":"NONE-NO-MAC","otp":"0099389849839490390493090390403","transactionId":"MC1654335415308"}'

504.44G/563.09G:202206155T0536295:L: [x] Sent Successfully

845.80G/1082.76G:202206156T0109171:L:Routing Key:transactions-mc

845.80G/1082.76G:202206156T0109173:L: [x] Sent '{"terminalId":"99389849839490390493090390403","amount":"0.02245000","currency":"PHL","recipient":"F9ddp3zXbNd5zwxBngvRBe4zQgmoViNuma","clientId":"NONE-NO-MAC","otp":"0099389849839490390493090390403","transactionId":"MC1654405786131"}'

829.53G/1082.76G:202206156T0109206:L: [x] Sent Successfully

1116.98G/1212.73G:202206156T0259672:L:Routing Key:transactions-mc

1116.98G/1212.73G:202206156T0259675:L: [x] Sent '{"terminalId":"99389849839490390493090390403","amount":"0.45000000","currency":"PHL","recipient":"F9ddp3zXbNd5zwxBngvRBe4zQgmoViNuma","clientId":"NONE-NO-MAC","otp":"0099389849839490390493090390403","transactionId":"MC1654412387635"}'

1105.93G/1212.73G:202206156T0259711:L: [x] Sent Successfully

1018.17G/1230.87G:202206156T0913796:L:Routing Key:transactions-mc

1018.17G/1230.87G:202206156T0913798:L: [x] Sent '{"terminalId":"99389849839490390493090390403","amount":"5.00000000","currency":"PHL","recipient":"F9ddp3zXbNd5zwxBngvRBe4zQgmoViNuma","clientId":"NONE-NO-MAC","otp":"0099389849839490390493090390403","transactionId":"MC1654434788757"}'

1005.82G/1230.87G:202206156T0913838:L: [x] Sent Successfully

1029.55G/1230.92G:202206156T1512965:L:Routing Key:transactions-mc

1029.55G/1230.92G:202206156T1512965:L: [x] Sent '{"terminalId":"99389849839490390493090390403","amount":"5.00000000","currency":"PHL","recipient":"F9ddp3zXbNd5zwxBngvRBe4zQgmoViNuma","clientId":"NONE-NO-MAC","otp":"0099389849839490390493090390403","transactionId":"MC1654456375937"}'

1029.55G/1230.92G:202206156T1512993:L: [x] Sent Successfully

1116.90G/1210.32G:202206156T1701161:L:Routing Key:transactions-mc

1116.90G/1210.32G:202206156T1701163:L: [x] Sent '{"terminalId":"99389849839490390493090390403","amount":"0.78000000","currency":"PHL","recipient":"F9ddp3zXbNd5zwxBngvRBe4zQgmoViNuma","clientId":"NONE-NO-MAC","otp":"0099389849839490390493090390403","transactionId":"MC1654462867086"}'

1108.32G/1210.32G:202206156T1701202:L: [x] Sent Successfully

1141.74G/1211.42G:202206156T1701420:L:Routing Key:transactions-mc

1141.74G/1211.42G:202206156T1701421:L: [x] Sent '{"terminalId":"99389849839490390493090390403","amount":"1.32000000","currency":"PHL","recipient":"F9ddp3zXbNd5zwxBngvRBe4zQgmoViNuma","clientId":"NONE-NO-MAC","otp":"0099389849839490390493090390403","transactionId":"MC1654462883390"}'

1141.74G/1211.42G:202206156T1701452:L: [x] Sent Successfully

1152.36G/1212.36G:202206156T1701664:L:Routing Key:transactions-mc

1152.36G/1212.36G:202206156T1701664:L: [x] Sent '{"terminalId":"99389849839490390493090390403","amount":"0.60000000","currency":"PHL","recipient":"F9ddp3zXbNd5zwxBngvRBe4zQgmoViNuma","clientId":"NONE-NO-MAC","otp":"0099389849839490390493090390403","transactionId":"MC1654462895634"}'

1152.36G/1212.36G:202206156T1701696:L: [x] Sent Successfully

1123.26G/1208.80G:202206156T1720587:L:Routing Key:transactions-mc

1123.26G/1208.80G:202206156T1720588:L: [x] Sent '{"terminalId":"99389849839490390493090390403","amount":"0.30000000","currency":"PHL","recipient":"F9ddp3zXbNd5zwxBngvRBe4zQgmoViNuma","clientId":"NONE-NO-MAC","otp":"0099389849839490390493090390403","transactionId":"MC1654464036523"}'

1116.14G/1208.80G:202206156T1720623:L: [x] Sent Successfully

1137.69G/1210.95G:202206156T1720380:L:Routing Key:transactions-mc

1137.69G/1210.95G:202206156T1720381:L: [x] Sent '{"terminalId":"99389849839490390493090390403","amount":"1.25000000","currency":"PHL","recipient":"F9ddp3zXbNd5zwxBngvRBe4zQgmoViNuma","clientId":"NONE-NO-MAC","otp":"0099389849839490390493090390403","transactionId":"MC1654464052349"}'

1136.13G/1210.95G:202206156T1720409:L: [x] Sent Successfully

1120.66G/1212.00G:202206156T1721100:L:Routing Key:transactions-mc

1120.66G/1212.00G:202206156T1721101:L: [x] Sent '{"terminalId":"99389849839490390493090390403","amount":"0.96000000","currency":"PHL","recipient":"F9ddp3zXbNd5zwxBngvRBe4zQgmoViNuma","clientId":"NONE-NO-MAC","otp":"0099389849839490390493090390403","transactionId":"MC1654464064069"}'

1119.09G/1212.00G:202206156T1721128:L: [x] Sent Successfully

1115.00G/1212.26G:202206156T1721568:L:Routing Key:transactions-mc

1115.00G/1212.26G:202206156T1721569:L: [x] Sent '{"terminalId":"99389849839490390493090390403","amount":"1.01000000","currency":"PHL","recipient":"F9ddp3zXbNd5zwxBngvRBe4zQgmoViNuma","clientId":"NONE-NO-MAC","otp":"0099389849839490390493090390403","transactionId":"MC1654464077537"}'

1113.43G/1212.26G:202206156T1721599:L: [x] Sent Successfully

1154.08G/1210.21G:202206156T1721564:L:Routing Key:transactions-mc

1154.08G/1210.21G:202206156T1721565:L: [x] Sent '{"terminalId":"99389849839490390493090390403","amount":"0.94000000","currency":"PHL","recipient":"F9ddp3zXbNd5zwxBngvRBe4zQgmoViNuma","clientId":"NONE-NO-MAC","otp":"0099389849839490390493090390403","transactionId":"MC1654464087538"}'

1152.51G/1210.21G:202206156T1721595:L: [x] Sent Successfully

1142.79G/1212.42G:202206156T1721662:L:Routing Key:transactions-mc

1142.79G/1212.42G:202206156T1721663:L: [x] Sent '{"terminalId":"99389849839490390493090390403","amount":"0.93000000","currency":"PHL","recipient":"F9ddp3zXbNd5zwxBngvRBe4zQgmoViNuma","clientId":"NONE-NO-MAC","otp":"0099389849839490390493090390403","transactionId":"MC1654464099635"}'

1130.52G/1212.42G:202206156T1721693:L: [x] Sent Successfully

1156.62G/1212.47G:202206156T1721376:L:Routing Key:transactions-mc

1156.62G/1212.47G:202206156T1721377:L: [x] Sent '{"terminalId":"99389849839490390493090390403","amount":"0.66000000","currency":"PHL","recipient":"F9ddp3zXbNd5zwxBngvRBe4zQgmoViNuma","clientId":"NONE-NO-MAC","otp":"0099389849839490390493090390403","transactionId":"MC1654464110349"}'

1156.62G/1212.47G:202206156T1721407:L: [x] Sent Successfully

1117.69G/1210.21G:202206156T1811353:L:Routing Key:transactions-mc

1117.69G/1210.21G:202206156T1811355:L: [x] Sent '{"terminalId":"99389849839490390493090390403","amount":"0.22000000","currency":"PHL","recipient":"F9ddp3zXbNd5zwxBngvRBe4zQgmoViNuma","clientId":"NONE-NO-MAC","otp":"0099389849839490390493090390403","transactionId":"MC1654467061290"}'

1105.34G/1210.21G:202206156T1811393:L: [x] Sent Successfully

1129.99G/1212.42G:202206156T1811956:L:Routing Key:transactions-mc

1129.99G/1212.42G:202206156T1811957:L: [x] Sent '{"terminalId":"99389849839490390493090390403","amount":"1.27000000","currency":"PHL","recipient":"F9ddp3zXbNd5zwxBngvRBe4zQgmoViNuma","clientId":"NONE-NO-MAC","otp":"0099389849839490390493090390403","transactionId":"MC1654467074926"}'

1128.34G/1212.42G:202206156T1811990:L: [x] Sent Successfully

1122.22G/1211.31G:202206156T1822519:L:Routing Key:transactions-mc

1122.22G/1211.31G:202206156T1822521:L: [x] Sent '{"terminalId":"99389849839490390493090390403","amount":"0.17000000","currency":"PHL","recipient":"F9ddp3zXbNd5zwxBngvRBe4zQgmoViNuma","clientId":"NONE-NO-MAC","otp":"0099389849839490390493090390403","transactionId":"MC1654467742460"}'

1113.58G/1211.31G:202206156T1822554:L: [x] Sent Successfully

1131.90G/1212.05G:202206156T1822378:L:Routing Key:transactions-mc

1131.90G/1212.05G:202206156T1822378:L: [x] Sent '{"terminalId":"99389849839490390493090390403","amount":"0.83000000","currency":"PHL","recipient":"F9ddp3zXbNd5zwxBngvRBe4zQgmoViNuma","clientId":"NONE-NO-MAC","otp":"0099389849839490390493090390403","transactionId":"MC1654467763350"}'

1130.37G/1212.05G:202206156T1822410:L: [x] Sent Successfully

1147.12G/1212.57G:202206156T1822907:L:Routing Key:transactions-mc

1147.12G/1212.57G:202206156T1822908:L: [x] Sent '{"terminalId":"99389849839490390493090390403","amount":"0.82000000","currency":"PHL","recipient":"F9ddp3zXbNd5zwxBngvRBe4zQgmoViNuma","clientId":"NONE-NO-MAC","otp":"0099389849839490390493090390403","transactionId":"MC1654467777880"}'

1145.58G/1212.57G:202206156T1822939:L: [x] Sent Successfully

1110.55G/1211.79G:202206156T1823848:L:Routing Key:transactions-mc

1110.55G/1211.79G:202206156T1823849:L: [x] Sent '{"terminalId":"99389849839490390493090390403","amount":"0.77000000","currency":"PHL","recipient":"F9ddp3zXbNd5zwxBngvRBe4zQgmoViNuma","clientId":"NONE-NO-MAC","otp":"0099389849839490390493090390403","transactionId":"MC1654467794822"}'

1109.02G/1211.79G:202206156T1823881:L: [x] Sent Successfully

1128.63G/1209.43G:202206156T1823917:L:Routing Key:transactions-mc

1128.63G/1209.43G:202206156T1823917:L: [x] Sent '{"terminalId":"99389849839490390493090390403","amount":"1.00000000","currency":"PHL","recipient":"F9ddp3zXbNd5zwxBngvRBe4zQgmoViNuma","clientId":"NONE-NO-MAC","otp":"0099389849839490390493090390403","transactionId":"MC1654467813890"}'

1120.01G/1209.43G:202206156T1823949:L: [x] Sent Successfully

1126.00G/1211.42G:202206156T1823102:L:Routing Key:transactions-mc

1126.00G/1211.42G:202206156T1823103:L: [x] Sent '{"terminalId":"99389849839490390493090390403","amount":"0.87000000","currency":"PHL","recipient":"F9ddp3zXbNd5zwxBngvRBe4zQgmoViNuma","clientId":"NONE-NO-MAC","otp":"0099389849839490390493090390403","transactionId":"MC1654467836073"}'

1122.94G/1211.42G:202206156T1823137:L: [x] Sent Successfully

188.13G/202.22G:202206157T1114943:L:Routing Key:transactions-mc

188.13G/202.22G:202206157T1114945:L: [x] Sent '{"terminalId":"99389849839490390493090390403","amount":"1.03100000","currency":"PHL","recipient":"F9ddp3zXbNd5zwxBngvRBe4zQgmoViNuma","clientId":"NONE-NO-MAC","otp":"0099389849839490390493090390403","transactionId":"MC1654528444882"}'

187.07G/202.22G:202206157T1114978:L: [x] Sent Successfully

194.39G/202.22G:202206157T111603:L:Routing Key:transactions-mc

194.39G/202.22G:202206157T111603:L: [x] Sent '{"terminalId":"99389849839490390493090390403","amount":"1.02900000","currency":"PHL","recipient":"F9ddp3zXbNd5zwxBngvRBe4zQgmoViNuma","clientId":"NONE-NO-MAC","otp":"0099389849839490390493090390403","transactionId":"MC1654528582975"}'

194.39G/202.22G:202206157T111633:L: [x] Sent Successfully

192.76G/202.22G:202206157T1118336:L:Routing Key:transactions-mc

192.76G/202.22G:202206157T1118336:L: [x] Sent '{"terminalId":"99389849839490390493090390403","amount":"1.00300000","currency":"PHL","recipient":"F9ddp3zXbNd5zwxBngvRBe4zQgmoViNuma","clientId":"NONE-NO-MAC","otp":"0099389849839490390493090390403","transactionId":"MC1654528700307"}'

192.76G/202.22G:202206157T1118366:L: [x] Sent Successfully

193.72G/202.22G:202206157T112083:L:Routing Key:transactions-mc

193.72G/202.22G:202206157T112084:L: [x] Sent '{"terminalId":"99389849839490390493090390403","amount":"1.05100000","currency":"PHL","recipient":"F9ddp3zXbNd5zwxBngvRBe4zQgmoViNuma","clientId":"NONE-NO-MAC","otp":"0099389849839490390493090390403","transactionId":"MC1654528807054"}'

193.72G/202.22G:202206157T1120116:L: [x] Sent Successfully

192.56G/202.22G:202206157T1122432:L:Routing Key:transactions-mc

192.56G/202.22G:202206157T1122432:L: [x] Sent '{"terminalId":"99389849839490390493090390403","amount":"1.02100000","currency":"PHL","recipient":"F9ddp3zXbNd5zwxBngvRBe4zQgmoViNuma","clientId":"NONE-NO-MAC","otp":"0099389849839490390493090390403","transactionId":"MC1654528979404"}'

192.56G/202.22G:202206157T1122462:L: [x] Sent Successfully

191.93G/202.22G:202206157T1125344:L:Routing Key:transactions-mc

191.93G/202.22G:202206157T1125344:L: [x] Sent '{"terminalId":"99389849839490390493090390403","amount":"1.01300000","currency":"PHL","recipient":"F9ddp3zXbNd5zwxBngvRBe4zQgmoViNuma","clientId":"NONE-NO-MAC","otp":"0099389849839490390493090390403","transactionId":"MC1654529139316"}'

191.93G/202.22G:202206157T1125378:L: [x] Sent Successfully

187.75G/202.22G:202206157T112824:L:Routing Key:transactions-mc

187.75G/202.22G:202206157T112825:L: [x] Sent '{"terminalId":"99389849839490390493090390403","amount":"1.01900000","currency":"PHL","recipient":"F9ddp3zXbNd5zwxBngvRBe4zQgmoViNuma","clientId":"NONE-NO-MAC","otp":"0099389849839490390493090390403","transactionId":"MC1654529314996"}'

187.75G/202.22G:202206157T112857:L: [x] Sent Successfully

183.63G/202.22G:202206157T1131283:L:Routing Key:transactions-mc

183.63G/202.22G:202206157T1131283:L: [x] Sent '{"terminalId":"99389849839490390493090390403","amount":"1.02000000","currency":"PHL","recipient":"F9ddp3zXbNd5zwxBngvRBe4zQgmoViNuma","clientId":"NONE-NO-MAC","otp":"0099389849839490390493090390403","transactionId":"MC1654529517255"}'

183.63G/202.22G:202206157T1131315:L: [x] Sent Successfully

184.79G/202.22G:202206157T113557:L:Routing Key:transactions-mc

184.79G/202.22G:202206157T113557:L: [x] Sent '{"terminalId":"99389849839490390493090390403","amount":"1.01500000","currency":"PHL","recipient":"F9ddp3zXbNd5zwxBngvRBe4zQgmoViNuma","clientId":"NONE-NO-MAC","otp":"0099389849839490390493090390403","transactionId":"MC1654529725028"}'

184.79G/202.22G:202206157T113588:L: [x] Sent Successfully

180.25G/202.22G:202206157T1139851:L:Routing Key:transactions-mc

180.25G/202.22G:202206157T1139852:L: [x] Sent '{"terminalId":"99389849839490390493090390403","amount":"1.01100000","currency":"PHL","recipient":"F9ddp3zXbNd5zwxBngvRBe4zQgmoViNuma","clientId":"NONE-NO-MAC","otp":"0099389849839490390493090390403","transactionId":"MC1654529965822"}'

180.25G/202.22G:202206157T1139884:L: [x] Sent Successfully

173.24G/202.22G:202206157T114324:L:Routing Key:transactions-mc

173.24G/202.22G:202206157T114324:L: [x] Sent '{"terminalId":"99389849839490390493090390403","amount":"1.00800000","currency":"PHL","recipient":"F9ddp3zXbNd5zwxBngvRBe4zQgmoViNuma","clientId":"NONE-NO-MAC","otp":"0099389849839490390493090390403","transactionId":"MC1654530200992"}'

173.24G/202.22G:202206157T114354:L: [x] Sent Successfully

173.45G/202.22G:202206157T1147463:L:Routing Key:transactions-mc

173.45G/202.22G:202206157T1147464:L: [x] Sent '{"terminalId":"99389849839490390493090390403","amount":"1.01500000","currency":"PHL","recipient":"F9ddp3zXbNd5zwxBngvRBe4zQgmoViNuma","clientId":"NONE-NO-MAC","otp":"0099389849839490390493090390403","transactionId":"MC1654530441436"}'

173.45G/202.22G:202206157T1147494:L: [x] Sent Successfully

178.56G/202.22G:202206157T1151667:L:Routing Key:transactions-mc

178.56G/202.22G:202206157T1151668:L: [x] Sent '{"terminalId":"99389849839490390493090390403","amount":"1.03000000","currency":"PHL","recipient":"F9ddp3zXbNd5zwxBngvRBe4zQgmoViNuma","clientId":"NONE-NO-MAC","otp":"0099389849839490390493090390403","transactionId":"MC1654530687639"}'

178.56G/202.22G:202206157T1151697:L: [x] Sent Successfully

171.66G/202.22G:202206157T1155142:L:Routing Key:transactions-mc

171.66G/202.22G:202206157T1155142:L: [x] Sent '{"terminalId":"99389849839490390493090390403","amount":"1.00900000","currency":"PHL","recipient":"F9ddp3zXbNd5zwxBngvRBe4zQgmoViNuma","clientId":"NONE-NO-MAC","otp":"0099389849839490390493090390403","transactionId":"MC1654530919111"}'

171.66G/202.22G:202206157T1155172:L: [x] Sent Successfully

303.62G/380.16G:202206157T1208390:L:Routing Key:transactions-mc

303.62G/380.16G:202206157T1208390:L: [x] Sent '{"terminalId":"99389849839490390493090390403","amount":"1.00200000","currency":"PHL","recipient":"F9ddp3zXbNd5zwxBngvRBe4zQgmoViNuma","clientId":"NONE-NO-MAC","otp":"0099389849839490390493090390403","transactionId":"MC1654531698363"}'

303.62G/380.16G:202206157T1208421:L: [x] Sent Successfully

430.58G/571.74G:202206157T1231803:L:Routing Key:transactions-mc

430.58G/571.74G:202206157T1231803:L: [x] Sent '{"terminalId":"99389849839490390493090390403","amount":"1.00700000","currency":"PHL","recipient":"F9ddp3zXbNd5zwxBngvRBe4zQgmoViNuma","clientId":"NONE-NO-MAC","otp":"0099389849839490390493090390403","transactionId":"MC1654533099775"}'

430.58G/571.74G:202206157T1231836:L: [x] Sent Successfully

436.89G/572.31G:202206157T1241119:L:Routing Key:transactions-mc

436.89G/572.31G:202206157T1241120:L: [x] Sent '{"terminalId":"99389849839490390493090390403","amount":"1.00600000","currency":"PHL","recipient":"F9ddp3zXbNd5zwxBngvRBe4zQgmoViNuma","clientId":"NONE-NO-MAC","otp":"0099389849839490390493090390403","transactionId":"MC1654533699090"}'

436.89G/572.31G:202206157T1241150:L: [x] Sent Successfully

430.57G/575.25G:202206157T1252702:L:Routing Key:transactions-mc

430.57G/575.25G:202206157T1252702:L: [x] Sent '{"terminalId":"99389849839490390493090390403","amount":"1.00600000","currency":"PHL","recipient":"F9ddp3zXbNd5zwxBngvRBe4zQgmoViNuma","clientId":"NONE-NO-MAC","otp":"0099389849839490390493090390403","transactionId":"MC1654534324671"}'

430.57G/575.25G:202206157T1252732:L: [x] Sent Successfully

429.49G/580.28G:202206157T1304353:L:Routing Key:transactions-mc

429.49G/580.28G:202206157T1304353:L: [x] Sent '{"terminalId":"99389849839490390493090390403","amount":"1.00200000","currency":"PHL","recipient":"F9ddp3zXbNd5zwxBngvRBe4zQgmoViNuma","clientId":"NONE-NO-MAC","otp":"0099389849839490390493090390403","transactionId":"MC1654535049325"}'

429.49G/580.28G:202206157T1304382:L: [x] Sent Successfully

402.41G/573.41G:202206157T1320134:L:Routing Key:transactions-mc

402.41G/573.41G:202206157T1320134:L: [x] Sent '{"terminalId":"99389849839490390493090390403","amount":"1.00200000","currency":"PHL","recipient":"F9ddp3zXbNd5zwxBngvRBe4zQgmoViNuma","clientId":"NONE-NO-MAC","otp":"0099389849839490390493090390403","transactionId":"MC1654536002108"}'

393.96G/573.41G:202206157T1320166:L: [x] Sent Successfully

180.50G/192.41G:202206157T1546840:L:Routing Key:transactions-mc

180.50G/192.41G:202206157T1546842:L: [x] Sent '{"terminalId":"99389849839490390493090390403","amount":"1.03000000","currency":"PHL","recipient":"FD99FpG4V9q8m9BNkHddK1A3J3RPVLVGC2","clientId":"NONE-NO-MAC","otp":"0099389849839490390493090390403","transactionId":"MC1654544784806"}'

179.99G/192.41G:202206157T1546876:L: [x] Sent Successfully

183.03G/192.89G:202206157T1548893:L:Routing Key:transactions-mc

183.03G/192.89G:202206157T1548893:L: [x] Sent '{"terminalId":"99389849839490390493090390403","amount":"1.02300000","currency":"PHL","recipient":"FD99FpG4V9q8m9BNkHddK1A3J3RPVLVGC2","clientId":"NONE-NO-MAC","otp":"0099389849839490390493090390403","transactionId":"MC1654544932864"}'

183.03G/192.89G:202206157T1548920:L: [x] Sent Successfully

175.42G/189.84G:202206157T1551619:L:Routing Key:transactions-mc

175.42G/189.84G:202206157T1551619:L: [x] Sent '{"terminalId":"99389849839490390493090390403","amount":"1.02000000","currency":"PHL","recipient":"FD99FpG4V9q8m9BNkHddK1A3J3RPVLVGC2","clientId":"NONE-NO-MAC","otp":"0099389849839490390493090390403","transactionId":"MC1654545071592"}'

175.42G/189.84G:202206157T1551650:L: [x] Sent Successfully

172.39G/191.57G:202206157T1554376:L:Routing Key:transactions-mc

172.39G/191.57G:202206157T1554377:L: [x] Sent '{"terminalId":"99389849839490390493090390403","amount":"1.00000000","currency":"PHL","recipient":"FD99FpG4V9q8m9BNkHddK1A3J3RPVLVGC2","clientId":"NONE-NO-MAC","otp":"0099389849839490390493090390403","transactionId":"MC1654545263350"}'

172.39G/191.57G:202206157T1554407:L: [x] Sent Successfully

174.80G/187.59G:202206157T1557979:L:Routing Key:transactions-mc

174.80G/187.59G:202206157T1557979:L: [x] Sent '{"terminalId":"99389849839490390493090390403","amount":"1.01200000","currency":"PHL","recipient":"FD99FpG4V9q8m9BNkHddK1A3J3RPVLVGC2","clientId":"NONE-NO-MAC","otp":"0099389849839490390493090390403","transactionId":"MC1654545427951"}'

174.80G/187.59G:202206157T155712:L: [x] Sent Successfully

176.23G/188.85G:202206157T1559530:L:Routing Key:transactions-mc

176.23G/188.85G:202206157T1559530:L: [x] Sent '{"terminalId":"99389849839490390493090390403","amount":"1.01800000","currency":"PHL","recipient":"FD99FpG4V9q8m9BNkHddK1A3J3RPVLVGC2","clientId":"NONE-NO-MAC","otp":"0099389849839490390493090390403","transactionId":"MC1654545598503"}'

176.23G/188.85G:202206157T1559559:L: [x] Sent Successfully

177.87G/187.70G:202206157T1602544:L:Routing Key:transactions-mc

177.87G/187.70G:202206157T1602544:L: [x] Sent '{"terminalId":"99389849839490390493090390403","amount":"1.03300000","currency":"PHL","recipient":"FD99FpG4V9q8m9BNkHddK1A3J3RPVLVGC2","clientId":"NONE-NO-MAC","otp":"0099389849839490390493090390403","transactionId":"MC1654545741517"}'

177.87G/187.70G:202206157T1602577:L: [x] Sent Successfully

173.23G/185.28G:202206157T1605320:L:Routing Key:transactions-mc

173.23G/185.28G:202206157T1605321:L: [x] Sent '{"terminalId":"99389849839490390493090390403","amount":"1.02800000","currency":"PHL","recipient":"FD99FpG4V9q8m9BNkHddK1A3J3RPVLVGC2","clientId":"NONE-NO-MAC","otp":"0099389849839490390493090390403","transactionId":"MC1654545917292"}'

173.23G/185.28G:202206157T1605350:L: [x] Sent Successfully

174.84G/185.34G:202206157T1607306:L:Routing Key:transactions-mc

174.84G/185.34G:202206157T1607307:L: [x] Sent '{"terminalId":"99389849839490390493090390403","amount":"1.01800000","currency":"PHL","recipient":"FD99FpG4V9q8m9BNkHddK1A3J3RPVLVGC2","clientId":"NONE-NO-MAC","otp":"0099389849839490390493090390403","transactionId":"MC1654546066279"}'

174.84G/185.34G:202206157T1607336:L: [x] Sent Successfully

175.31G/185.44G:202206157T1610651:L:Routing Key:transactions-mc

175.31G/185.44G:202206157T1610652:L: [x] Sent '{"terminalId":"99389849839490390493090390403","amount":"1.02400000","currency":"PHL","recipient":"FD99FpG4V9q8m9BNkHddK1A3J3RPVLVGC2","clientId":"NONE-NO-MAC","otp":"0099389849839490390493090390403","transactionId":"MC1654546204491"}'

175.31G/185.44G:202206157T1610716:L: [x] Sent Successfully

173.25G/185.49G:202206157T1612377:L:Routing Key:transactions-mc

173.25G/185.49G:202206157T1612377:L: [x] Sent '{"terminalId":"99389849839490390493090390403","amount":"1.00300000","currency":"PHL","recipient":"FD99FpG4V9q8m9BNkHddK1A3J3RPVLVGC2","clientId":"NONE-NO-MAC","otp":"0099389849839490390493090390403","transactionId":"MC1654546337349"}'

173.25G/185.49G:202206157T1612408:L: [x] Sent Successfully

155.10G/202.22G:202206157T2229470:L:Routing Key:transactions-mc

155.10G/202.22G:202206157T2229472:L: [x] Sent '{"terminalId":"99389849839490390493090390403","amount":"0.01380000","currency":"PHL","recipient":"FD99FpG4V9q8m9BNkHddK1A3J3RPVLVGC2","clientId":"NONE-NO-MAC","otp":"0099389849839490390493090390403","transactionId":"MC1654568952432","version":"1.43"}'

152.32G/202.22G:202206157T2229506:L: [x] Sent Successfully

180.87G/192.41G:202206157T2326518:L:Routing Key:transactions-mc

180.87G/192.41G:202206157T2326520:L: [x] Sent '{"terminalId":"99389849839490390493090390403","amount":"0.50440000","currency":"PHL","recipient":"FD99FpG4V9q8m9BNkHddK1A3J3RPVLVGC2","clientId":"NONE-NO-MAC","otp":"0099389849839490390493090390403","transactionId":"MC1654572377480","version":"1.43","taskType":"GARL-genome"}'

180.35G/192.41G:202206157T2326553:L: [x] Sent Successfully

205.05G/219.15G:202206157T2335110:L:Routing Key:transactions-mc

205.05G/219.15G:202206157T2335110:L: [x] Sent '{"terminalId":"99389849839490390493090390403","amount":"0.50190000","currency":"PHL","recipient":"FD99FpG4V9q8m9BNkHddK1A3J3RPVLVGC2","clientId":"NONE-NO-MAC","otp":"0099389849839490390493090390403","transactionId":"MC1654572943083","version":"1.43","taskType":"GARL-genome"}'

205.05G/219.15G:202206157T2335142:L: [x] Sent Successfully

178.69G/190.26G:202206157T234856:L:Routing Key:transactions-mc

178.69G/190.26G:202206157T234858:L: [x] Sent '{"terminalId":"99389849839490390493090390403","amount":"0.50130000","currency":"PHL","recipient":"FD99FpG4V9q8m9BNkHddK1A3J3RPVLVGC2","clientId":"NONE-NO-MAC","otp":"0099389849839490390493090390403","transactionId":"MC1654573726019","version":"1.43","taskType":"GARL-genome"}'

178.20G/190.26G:202206157T234896:L: [x] Sent Successfully

172.21G/184.03G:202206158T0002428:L:Routing Key:transactions-mc

172.21G/184.03G:202206158T0002428:L: [x] Sent '{"terminalId":"99389849839490390493090390403","amount":"0.50360000","currency":"PHL","recipient":"FD99FpG4V9q8m9BNkHddK1A3J3RPVLVGC2","clientId":"NONE-NO-MAC","otp":"0099389849839490390493090390403","transactionId":"MC1654574571399","version":"1.43","taskType":"GARL-genome"}'

172.21G/184.03G:202206158T0002460:L: [x] Sent Successfully

185.79G/195.19G:202206158T0014434:L:Routing Key:transactions-mc

185.79G/195.19G:202206158T0014434:L: [x] Sent '{"terminalId":"99389849839490390493090390403","amount":"0.50030000","currency":"PHL","recipient":"FD99FpG4V9q8m9BNkHddK1A3J3RPVLVGC2","clientId":"NONE-NO-MAC","otp":"0099389849839490390493090390403","transactionId":"MC1654575277404","version":"1.43","taskType":"GARL-genome"}'

185.79G/195.19G:202206158T0014465:L: [x] Sent Successfully

204.98G/213.96G:202206158T0027922:L:Routing Key:transactions-mc

204.98G/213.96G:202206158T0027923:L: [x] Sent '{"terminalId":"99389849839490390493090390403","amount":"0.50110000","currency":"PHL","recipient":"FD99FpG4V9q8m9BNkHddK1A3J3RPVLVGC2","clientId":"NONE-NO-MAC","otp":"0099389849839490390493090390403","transactionId":"MC1654576026888","version":"1.43","taskType":"GARL-genome"}'

204.24G/213.96G:202206158T0027955:L: [x] Sent Successfully

198.40G/207.67G:202206158T0043885:L:Routing Key:transactions-mc

198.40G/207.67G:202206158T0043886:L: [x] Sent '{"terminalId":"99389849839490390493090390403","amount":"0.50120000","currency":"PHL","recipient":"FD99FpG4V9q8m9BNkHddK1A3J3RPVLVGC2","clientId":"NONE-NO-MAC","otp":"0099389849839490390493090390403","transactionId":"MC1654577025857","version":"1.43","taskType":"GARL-genome"}'

198.40G/207.67G:202206158T0043916:L: [x] Sent Successfully

458.77G/502.90G:202206158T0122478:L:Routing Key:transactions-mc

458.77G/502.90G:202206158T0122480:L: [x] Sent '{"terminalId":"99389849839490390493090390403","amount":"0.50210000","currency":"PHL","recipient":"FD99FpG4V9q8m9BNkHddK1A3J3RPVLVGC2","clientId":"NONE-NO-MAC","otp":"0099389849839490390493090390403","transactionId":"MC1654579349424","version":"1.43","taskType":"GARL-genome"}'

451.54G/502.90G:202206158T0122533:L: [x] Sent Successfully

329.37G/375.29G:202206158T0152890:L:Routing Key:transactions-mc

329.37G/375.29G:202206158T0152892:L: [x] Sent '{"terminalId":"99389849839490390493090390403","amount":"0.50070000","currency":"PHL","recipient":"FD99FpG4V9q8m9BNkHddK1A3J3RPVLVGC2","clientId":"NONE-NO-MAC","otp":"0099389849839490390493090390403","transactionId":"MC1654581145852","version":"1.43","taskType":"GARL-genome"}'

329.37G/375.29G:202206158T0152925:L: [x] Sent Successfully

434.07G/519.36G:202206158T0230886:L:Routing Key:transactions-mc

434.07G/519.36G:202206158T0230887:L: [x] Sent '{"terminalId":"99389849839490390493090390403","amount":"0.50070000","currency":"PHL","recipient":"FD99FpG4V9q8m9BNkHddK1A3J3RPVLVGC2","clientId":"NONE-NO-MAC","otp":"0099389849839490390493090390403","transactionId":"MC1654583435854","version":"1.43","taskType":"GARL-genome"}'

434.07G/519.36G:202206158T0230917:L: [x] Sent Successfully

442.67G/499.28G:202206158T0256216:L:Routing Key:transactions-mc

442.67G/499.28G:202206158T0256216:L: [x] Sent '{"terminalId":"99389849839490390493090390403","amount":"0.50200000","currency":"PHL","recipient":"FD99FpG4V9q8m9BNkHddK1A3J3RPVLVGC2","clientId":"NONE-NO-MAC","otp":"0099389849839490390493090390403","transactionId":"MC1654585002188","version":"1.43","taskType":"GARL-genome"}'

442.67G/499.28G:202206158T0256246:L: [x] Sent Successfully

390.37G/474.32G:202206158T0337205:L:Routing Key:transactions-mc

390.37G/474.32G:202206158T0337207:L: [x] Sent '{"terminalId":"99389849839490390493090390403","amount":"0.50070000","currency":"PHL","recipient":"FD99FpG4V9q8m9BNkHddK1A3J3RPVLVGC2","clientId":"NONE-NO-MAC","otp":"0099389849839490390493090390403","transactionId":"MC1654587453172","version":"1.43","taskType":"GARL-genome"}'

390.37G/474.32G:202206158T0337237:L: [x] Sent Successfully

293.77G/491.68G:202206158T0510650:L:Routing Key:transactions-mc

293.77G/491.68G:202206158T0510652:L: [x] Sent '{"terminalId":"99389849839490390493090390403","amount":"0.50010000","currency":"PHL","recipient":"FD99FpG4V9q8m9BNkHddK1A3J3RPVLVGC2","clientId":"NONE-NO-MAC","otp":"0099389849839490390493090390403","transactionId":"MC1654593045621","version":"1.43","taskType":"GARL-genome"}'

293.77G/491.68G:202206158T0510684:L: [x] Sent Successfully

592.54G/942.62G:202206158T0730501:L:Routing Key:transactions-mc

592.54G/942.62G:202206158T0730502:L: [x] Sent '{"terminalId":"99389849839490390493090390403","amount":"0.50030000","currency":"PHL","recipient":"FD99FpG4V9q8m9BNkHddK1A3J3RPVLVGC2","clientId":"NONE-NO-MAC","otp":"0099389849839490390493090390403","transactionId":"MC1654601408474","version":"1.43","taskType":"GARL-genome"}'

592.54G/942.62G:202206158T0730532:L: [x] Sent Successfully

608.15G/946.71G:202206158T0849781:L:Routing Key:transactions-mc

608.15G/946.71G:202206158T0849781:L: [x] Sent '{"terminalId":"99389849839490390493090390403","amount":"0.50050000","currency":"PHL","recipient":"FD99FpG4V9q8m9BNkHddK1A3J3RPVLVGC2","clientId":"NONE-NO-MAC","otp":"0099389849839490390493090390403","transactionId":"MC1654606190749","version":"1.43","taskType":"GARL-genome"}'

608.15G/946.71G:202206158T0849813:L: [x] Sent Successfully

597.68G/946.71G:202206158T0851235:L:ERROR: publish failed:Text may not be null

508.50G/559.63G:202206159T1608416:L:Routing Key:transactions-mc

508.50G/559.63G:202206159T1608424:L: [x] Sent '{"terminalId":"99389849839490390493090390403","amount":"0.50050000","currency":"PHL","recipient":"FD99FpG4V9q8m9BNkHddK1A3J3RPVLVGC2","clientId":"NONE-NO-MAC","otp":"0099389849839490390493090390403","transactionId":"MC1654718921381","version":"1.43","taskType":"GARL-genome"}'

500.12G/559.63G:202206159T1608462:L: [x] Sent Successfully

519.69G/560.52G:202206159T1625984:L:Routing Key:transactions-mc

519.69G/560.52G:202206159T1625984:L: [x] Sent '{"terminalId":"99389849839490390493090390403","amount":"0.50260000","currency":"PHL","recipient":"FD99FpG4V9q8m9BNkHddK1A3J3RPVLVGC2","clientId":"NONE-NO-MAC","otp":"0099389849839490390493090390403","transactionId":"MC1654719934955","version":"1.43","taskType":"GARL-genome"}'

519.69G/560.52G:202206159T162517:L: [x] Sent Successfully

522.54G/560.15G:202206159T1637104:L:Routing Key:transactions-mc

522.54G/560.15G:202206159T1637105:L: [x] Sent '{"terminalId":"99389849839490390493090390403","amount":"0.50300000","currency":"PHL","recipient":"FD99FpG4V9q8m9BNkHddK1A3J3RPVLVGC2","clientId":"NONE-NO-MAC","otp":"0099389849839490390493090390403","transactionId":"MC1654720667078","version":"1.43","taskType":"GARL-genome"}'

522.54G/560.15G:202206159T1637137:L: [x] Sent Successfully

519.73G/559.99G:202206159T1647993:L:Routing Key:transactions-mc

519.73G/559.99G:202206159T1647993:L: [x] Sent '{"terminalId":"99389849839490390493090390403","amount":"0.50010000","currency":"PHL","recipient":"FD99FpG4V9q8m9BNkHddK1A3J3RPVLVGC2","clientId":"NONE-NO-MAC","otp":"0099389849839490390493090390403","transactionId":"MC1654721260961","version":"1.43","taskType":"GARL-genome"}'

519.73G/559.99G:202206159T164723:L: [x] Sent Successfully

531.81G/559.94G:202206159T1657821:L:Routing Key:transactions-mc

531.81G/559.94G:202206159T1657822:L: [x] Sent '{"terminalId":"99389849839490390493090390403","amount":"0.50120000","currency":"PHL","recipient":"FD99FpG4V9q8m9BNkHddK1A3J3RPVLVGC2","clientId":"NONE-NO-MAC","otp":"0099389849839490390493090390403","transactionId":"MC1654721828790","version":"1.43","taskType":"GARL-genome"}'

531.81G/559.94G:202206159T1657852:L: [x] Sent Successfully

530.25G/559.68G:202206159T1705471:L:Routing Key:transactions-mc

530.25G/559.68G:202206159T1705471:L: [x] Sent '{"terminalId":"99389849839490390493090390403","amount":"0.50050000","currency":"PHL","recipient":"FD99FpG4V9q8m9BNkHddK1A3J3RPVLVGC2","clientId":"NONE-NO-MAC","otp":"0099389849839490390493090390403","transactionId":"MC1654722349441","version":"1.43","taskType":"GARL-genome"}'

530.25G/559.68G:202206159T1705505:L: [x] Sent Successfully

529.63G/559.78G:202206159T1713471:L:Routing Key:transactions-mc

529.63G/559.78G:202206159T1713472:L: [x] Sent '{"terminalId":"99389849839490390493090390403","amount":"0.50440000","currency":"PHL","recipient":"FD99FpG4V9q8m9BNkHddK1A3J3RPVLVGC2","clientId":"NONE-NO-MAC","otp":"0099389849839490390493090390403","transactionId":"MC1654722818438","version":"1.43","taskType":"GARL-genome"}'

529.63G/559.78G:202206159T1713499:L: [x] Sent Successfully

518.01G/559.73G:202206159T1720834:L:Routing Key:transactions-mc

518.01G/559.73G:202206159T1720834:L: [x] Sent '{"terminalId":"99389849839490390493090390403","amount":"0.50460000","currency":"PHL","recipient":"FD99FpG4V9q8m9BNkHddK1A3J3RPVLVGC2","clientId":"NONE-NO-MAC","otp":"0099389849839490390493090390403","transactionId":"MC1654723255806","version":"1.43","taskType":"GARL-genome"}'

509.63G/559.73G:202206159T1720864:L: [x] Sent Successfully

527.40G/559.73G:202206159T1728304:L:Routing Key:transactions-mc

527.40G/559.73G:202206159T1728304:L: [x] Sent '{"terminalId":"99389849839490390493090390403","amount":"0.50530000","currency":"PHL","recipient":"FD99FpG4V9q8m9BNkHddK1A3J3RPVLVGC2","clientId":"NONE-NO-MAC","otp":"0099389849839490390493090390403","transactionId":"MC1654723714276","version":"1.43","taskType":"GARL-genome"}'

527.40G/559.73G:202206159T1728336:L: [x] Sent Successfully

526.53G/559.68G:202206159T1735992:L:Routing Key:transactions-mc

526.53G/559.68G:202206159T1735993:L: [x] Sent '{"terminalId":"99389849839490390493090390403","amount":"0.50450000","currency":"PHL","recipient":"FD99FpG4V9q8m9BNkHddK1A3J3RPVLVGC2","clientId":"NONE-NO-MAC","otp":"0099389849839490390493090390403","transactionId":"MC1654724156963","version":"1.43","taskType":"GARL-genome"}'

526.53G/559.68G:202206159T173525:L: [x] Sent Successfully

528.32G/559.68G:202206159T1742206:L:Routing Key:transactions-mc

528.32G/559.68G:202206159T1742207:L: [x] Sent '{"terminalId":"99389849839490390493090390403","amount":"0.50010000","currency":"PHL","recipient":"FD99FpG4V9q8m9BNkHddK1A3J3RPVLVGC2","clientId":"NONE-NO-MAC","otp":"0099389849839490390493090390403","transactionId":"MC1654724564176","version":"1.43","taskType":"GARL-genome"}'

528.32G/559.68G:202206159T1742234:L: [x] Sent Successfully

526.79G/559.68G:202206159T1750724:L:Routing Key:transactions-mc

526.79G/559.68G:202206159T1750724:L: [x] Sent '{"terminalId":"99389849839490390493090390403","amount":"0.50310000","currency":"PHL","recipient":"FD99FpG4V9q8m9BNkHddK1A3J3RPVLVGC2","clientId":"NONE-NO-MAC","otp":"0099389849839490390493090390403","transactionId":"MC1654725027692","version":"1.43","taskType":"GARL-genome"}'

526.79G/559.68G:202206159T1750751:L: [x] Sent Successfully

531.08G/559.78G:202206159T175888:L:Routing Key:transactions-mc

531.08G/559.78G:202206159T175888:L: [x] Sent '{"terminalId":"99389849839490390493090390403","amount":"0.50230000","currency":"PHL","recipient":"FD99FpG4V9q8m9BNkHddK1A3J3RPVLVGC2","clientId":"NONE-NO-MAC","otp":"0099389849839490390493090390403","transactionId":"MC1654725496061","version":"1.43","taskType":"GARL-genome"}'

531.08G/559.78G:202206159T1758120:L: [x] Sent Successfully

528.56G/559.68G:202206159T180587:L:Routing Key:transactions-mc

528.56G/559.68G:202206159T180587:L: [x] Sent '{"terminalId":"99389849839490390493090390403","amount":"0.50200000","currency":"PHL","recipient":"FD99FpG4V9q8m9BNkHddK1A3J3RPVLVGC2","clientId":"NONE-NO-MAC","otp":"0099389849839490390493090390403","transactionId":"MC1654725954057","version":"1.43","taskType":"GARL-genome"}'

528.56G/559.68G:202206159T1805120:L: [x] Sent Successfully

532.79G/559.73G:202206159T1813978:L:Routing Key:transactions-mc

532.79G/559.73G:202206159T1813978:L: [x] Sent '{"terminalId":"99389849839490390493090390403","amount":"0.50100000","currency":"PHL","recipient":"FD99FpG4V9q8m9BNkHddK1A3J3RPVLVGC2","clientId":"NONE-NO-MAC","otp":"0099389849839490390493090390403","transactionId":"MC1654726432941","version":"1.43","taskType":"GARL-genome"}'

532.79G/559.73G:202206159T181318:L: [x] Sent Successfully

532.69G/559.63G:202206159T1820545:L:Routing Key:transactions-mc

532.69G/559.63G:202206159T1820545:L: [x] Sent '{"terminalId":"99389849839490390493090390403","amount":"0.50120000","currency":"PHL","recipient":"FD99FpG4V9q8m9BNkHddK1A3J3RPVLVGC2","clientId":"NONE-NO-MAC","otp":"0099389849839490390493090390403","transactionId":"MC1654726824518","version":"1.43","taskType":"GARL-genome"}'

532.69G/559.63G:202206159T1820577:L: [x] Sent Successfully

532.75G/559.68G:202206159T1827361:L:Routing Key:transactions-mc

532.75G/559.68G:202206159T1827361:L: [x] Sent '{"terminalId":"99389849839490390493090390403","amount":"0.50220000","currency":"PHL","recipient":"FD99FpG4V9q8m9BNkHddK1A3J3RPVLVGC2","clientId":"NONE-NO-MAC","otp":"0099389849839490390493090390403","transactionId":"MC1654727220325","version":"1.43","taskType":"GARL-genome"}'

528.56G/559.68G:202206159T1827391:L: [x] Sent Successfully

917.41G/978.64G:202206160T0308577:L:Routing Key:transactions-mc

917.41G/978.64G:202206160T0308579:L: [x] Sent '{"terminalId":"99389849839490390493090390403","amount":"0.50080000","currency":"PHL","recipient":"FD99FpG4V9q8m9BNkHddK1A3J3RPVLVGC2","clientId":"NONE-NO-MAC","otp":"0099389849839490390493090390403","transactionId":"MC1654758488525","version":"1.45","taskType":"GARL-genome"}'

909.03G/978.64G:202206160T0308631:L: [x] Sent Successfully

1141.66G/1214.15G:202206160T034045:L:Routing Key:transactions-mc

1141.66G/1214.15G:202206160T034046:L: [x] Sent '{"terminalId":"99389849839490390493090390403","amount":"0.50050000","currency":"PHL","recipient":"FD99FpG4V9q8m9BNkHddK1A3J3RPVLVGC2","clientId":"NONE-NO-MAC","otp":"0099389849839490390493090390403","transactionId":"MC1654760424999","version":"1.45","taskType":"GARL-genome"}'

1141.66G/1214.15G:202206160T034094:L: [x] Sent Successfully

1145.00G/1214.04G:202206160T0409587:L:Routing Key:transactions-mc

1145.00G/1214.04G:202206160T0409587:L: [x] Sent '{"terminalId":"99389849839490390493090390403","amount":"0.50110000","currency":"PHL","recipient":"FD99FpG4V9q8m9BNkHddK1A3J3RPVLVGC2","clientId":"NONE-NO-MAC","otp":"0099389849839490390493090390403","transactionId":"MC1654762190539","version":"1.45","taskType":"GARL-genome"}'

1145.00G/1214.04G:202206160T0409637:L: [x] Sent Successfully

1145.16G/1214.20G:202206160T0439938:L:Routing Key:transactions-mc

1145.16G/1214.20G:202206160T0439938:L: [x] Sent '{"terminalId":"99389849839490390493090390403","amount":"0.50030000","currency":"PHL","recipient":"FD99FpG4V9q8m9BNkHddK1A3J3RPVLVGC2","clientId":"NONE-NO-MAC","otp":"0099389849839490390493090390403","transactionId":"MC1654763975894","version":"1.45","taskType":"GARL-genome"}'

1145.16G/1214.20G:202206160T0439988:L: [x] Sent Successfully

448.52G/486.22G:202206160T0506406:L:Routing Key:transactions-mc

448.52G/486.22G:202206160T0506408:L: [x] Sent '{"terminalId":"99389849839490390493090390403","amount":"0.50080000","currency":"PHL","recipient":"FD99FpG4V9q8m9BNkHddK1A3J3RPVLVGC2","clientId":"NONE-NO-MAC","otp":"0099389849839490390493090390403","transactionId":"MC1654765564371","version":"1.45","taskType":"GARL-genome"}'

441.61G/486.22G:202206160T0506443:L: [x] Sent Successfully

915.98G/978.22G:202206160T0640127:L:Routing Key:transactions-mc

915.98G/978.22G:202206160T0640132:L: [x] Sent '{"terminalId":"99389849839490390493090390403","amount":"0.50190000","currency":"PHL","recipient":"FD99FpG4V9q8m9BNkHddK1A3J3RPVLVGC2","clientId":"NONE-NO-MAC","otp":"0099389849839490390493090390403","transactionId":"MC1654771235091","version":"1.45","taskType":"GARL-genome"}'

915.98G/978.22G:202206160T0640168:L: [x] Sent Successfully

929.02G/977.95G:202206160T0701492:L:Routing Key:transactions-mc

929.02G/977.95G:202206160T0701492:L: [x] Sent '{"terminalId":"99389849839490390493090390403","amount":"0.50430000","currency":"PHL","recipient":"FD99FpG4V9q8m9BNkHddK1A3J3RPVLVGC2","clientId":"NONE-NO-MAC","otp":"0099389849839490390493090390403","transactionId":"MC1654772482464","version":"1.45","taskType":"GARL-genome"}'

929.02G/977.95G:202206160T0701519:L: [x] Sent Successfully

916.54G/978.27G:202206160T0822192:L:Routing Key:transactions-mc

916.54G/978.27G:202206160T0822193:L: [x] Sent '{"terminalId":"99389849839490390493090390403","amount":"0.50100000","currency":"PHL","recipient":"FD99FpG4V9q8m9BNkHddK1A3J3RPVLVGC2","clientId":"NONE-NO-MAC","otp":"0099389849839490390493090390403","transactionId":"MC1654777334165","version":"1.45","taskType":"GARL-genome"}'

916.54G/978.27G:202206160T0822225:L: [x] Sent Successfully

923.74G/978.32G:202206160T0844208:L:Routing Key:transactions-mc

923.74G/978.32G:202206160T0844208:L: [x] Sent '{"terminalId":"99389849839490390493090390403","amount":"0.50100000","currency":"PHL","recipient":"FD99FpG4V9q8m9BNkHddK1A3J3RPVLVGC2","clientId":"NONE-NO-MAC","otp":"0099389849839490390493090390403","transactionId":"MC1654778674182","version":"1.45","taskType":"GARL-genome"}'

923.74G/978.32G:202206160T0844243:L: [x] Sent Successfully

917.05G/979.53G:202206160T0934368:L:Routing Key:transactions-mc

917.05G/979.53G:202206160T0934369:L: [x] Sent '{"terminalId":"99389849839490390493090390403","amount":"0.50060000","currency":"PHL","recipient":"FD99FpG4V9q8m9BNkHddK1A3J3RPVLVGC2","clientId":"NONE-NO-MAC","otp":"0099389849839490390493090390403","transactionId":"MC1654781658341","version":"1.45","taskType":"GARL-genome"}'

917.05G/979.53G:202206160T0934399:L: [x] Sent Successfully

903.94G/979.11G:202206160T1323899:L:Routing Key:transactions-mc

903.94G/979.11G:202206160T1323899:L: [x] Sent '{"terminalId":"99389849839490390493090390403","amount":"0.50210000","currency":"PHL","recipient":"FD99FpG4V9q8m9BNkHddK1A3J3RPVLVGC2","clientId":"NONE-NO-MAC","otp":"0099389849839490390493090390403","transactionId":"MC1654795408870","version":"1.45","taskType":"GARL-genome"}'

903.94G/979.11G:202206160T1323930:L: [x] Sent Successfully

